Arguments: 
  /usr/bin/node /usr/bin/yarn add submit50

PATH: 
  /usr/local/sbin:/usr/local/bin:/usr/sbin:/usr/bin:/sbin:/bin:/usr/games:/usr/local/games:/snap/bin:/home/rick/Android/Sdk/emulator:/home/rick/Android/Sdk/tools:/home/rick/Android/Sdk/tools/bin:/home/rick/Android/Sdk/platform-tools:/home/rick/Android/Sdk/emulator:/home/rick/Android/Sdk/tools:/home/rick/Android/Sdk/tools/bin:/home/rick/Android/Sdk/platform-tools:/home/rick/Android/Sdk/emulator:/home/rick/Android/Sdk/tools:/home/rick/Android/Sdk/tools/bin:/home/rick/Android/Sdk/platform-tools

Yarn version: 
  1.17.3

Node version: 
  10.17.0

Platform: 
  linux x64

Trace: 
  Error: https://registry.yarnpkg.com/submit50: Not found
      at Request.params.callback [as _callback] (/usr/lib/node_modules/yarn/lib/cli.js:66830:18)
      at Request.self.callback (/usr/lib/node_modules/yarn/lib/cli.js:140464:22)
      at Request.emit (events.js:198:13)
      at Request.<anonymous> (/usr/lib/node_modules/yarn/lib/cli.js:141436:10)
      at Request.emit (events.js:198:13)
      at IncomingMessage.<anonymous> (/usr/lib/node_modules/yarn/lib/cli.js:141358:12)
      at Object.onceWrapper (events.js:286:20)
      at IncomingMessage.emit (events.js:203:15)
      at endReadableNT (_stream_readable.js:1143:12)
      at process._tickCallback (internal/process/next_tick.js:63:19)

npm manifest: 
  No manifest

yarn manifest: 
  No manifest

Lockfile: 
  No lockfile
